2024-04-08T00:02:47.743+09:00  INFO 9668 --- [o-library] [main] o.api.library.LibraryApplication         : Starting LibraryApplication using Java 21.0.2 with PID 9668 (C:\Dev\workspace\o-library\build\classes\java\main started by swjang in C:\Dev\workspace\o-library)
2024-04-08T00:02:47.758+09:00  INFO 9668 --- [o-library] [main] o.api.library.LibraryApplication         : The following 1 profile is active: "local"
2024-04-08T00:02:48.403+09:00  INFO 9668 --- [o-library] [main] .s.d.r.c.RepositoryConfigurationDelegate : Bootstrapping Spring Data JPA repositories in DEFAULT mode.
2024-04-08T00:02:48.456+09:00  INFO 9668 --- [o-library] [main] .s.d.r.c.RepositoryConfigurationDelegate : Finished Spring Data repository scanning in 47 ms. Found 3 JPA repository interfaces.
2024-04-08T00:02:48.958+09:00  INFO 9668 --- [o-library] [main] o.s.b.w.embedded.tomcat.TomcatWebServer  : Tomcat initialized with port 1234 (http)
2024-04-08T00:02:48.968+09:00  INFO 9668 --- [o-library] [main] o.apache.catalina.core.StandardService   : Starting service [Tomcat]
2024-04-08T00:02:48.969+09:00  INFO 9668 --- [o-library] [main] o.apache.catalina.core.StandardEngine    : Starting Servlet engine: [Apache Tomcat/10.1.19]
2024-04-08T00:02:49.028+09:00  INFO 9668 --- [o-library] [main] o.a.c.c.C.[Tomcat].[localhost].[/]       : Initializing Spring embedded WebApplicationContext
2024-04-08T00:02:49.028+09:00  INFO 9668 --- [o-library] [main] w.s.c.ServletWebServerApplicationContext : Root WebApplicationContext: initialization completed in 1215 ms
2024-04-08T00:02:49.181+09:00  INFO 9668 --- [o-library] [main] o.hibernate.jpa.internal.util.LogHelper  : HHH000204: Processing PersistenceUnitInfo [name: default]
2024-04-08T00:02:49.229+09:00  INFO 9668 --- [o-library] [main] org.hibernate.Version                    : HHH000412: Hibernate ORM core version 6.4.4.Final
2024-04-08T00:02:49.262+09:00  INFO 9668 --- [o-library] [main] o.h.c.internal.RegionFactoryInitiator    : HHH000026: Second-level cache disabled
2024-04-08T00:02:49.477+09:00  INFO 9668 --- [o-library] [main] o.s.o.j.p.SpringPersistenceUnitInfo      : No LoadTimeWeaver setup: ignoring JPA class transformer
2024-04-08T00:02:49.502+09:00  INFO 9668 --- [o-library] [main] com.zaxxer.hikari.HikariDataSource       : HikariPool-1 - Starting...
2024-04-08T00:02:49.767+09:00  INFO 9668 --- [o-library] [main] com.zaxxer.hikari.pool.HikariPool        : HikariPool-1 - Added connection com.mysql.cj.jdbc.ConnectionImpl@a1cb94
2024-04-08T00:02:49.769+09:00  INFO 9668 --- [o-library] [main] com.zaxxer.hikari.HikariDataSource       : HikariPool-1 - Start completed.
2024-04-08T00:02:49.808+09:00  WARN 9668 --- [o-library] [main] org.hibernate.orm.deprecation            : HHH90000025: MySQLDialect does not need to be specified explicitly using 'hibernate.dialect' (remove the property setting and it will be selected by default)
2024-04-08T00:02:50.459+09:00  INFO 9668 --- [o-library] [main] o.h.e.t.j.p.i.JtaPlatformInitiator       : HHH000489: No JTA platform available (set 'hibernate.transaction.jta.platform' to enable JTA platform integration)
2024-04-08T00:02:50.502+09:00  INFO 9668 --- [o-library] [main] j.LocalContainerEntityManagerFactoryBean : Initialized JPA EntityManagerFactory for persistence unit 'default'
2024-04-08T00:02:50.989+09:00  WARN 9668 --- [o-library] [main] JpaBaseConfiguration$JpaWebConfiguration : spring.jpa.open-in-view is enabled by default. Therefore, database queries may be performed during view rendering. Explicitly configure spring.jpa.open-in-view to disable this warning
2024-04-08T00:02:52.016+09:00  INFO 9668 --- [o-library] [main] o.s.b.w.embedded.tomcat.TomcatWebServer  : Tomcat started on port 1234 (http) with context path ''
2024-04-08T00:02:52.025+09:00  INFO 9668 --- [o-library] [main] o.api.library.LibraryApplication         : Started LibraryApplication in 4.686 seconds (process running for 5.002)
2024-04-08T00:02:53.098+09:00  INFO 9668 --- [o-library] [http-nio-1234-exec-1] o.a.c.c.C.[Tomcat].[localhost].[/]       : Initializing Spring DispatcherServlet 'dispatcherServlet'
2024-04-08T00:02:53.099+09:00  INFO 9668 --- [o-library] [http-nio-1234-exec-1] o.s.web.servlet.DispatcherServlet        : Initializing Servlet 'dispatcherServlet'
2024-04-08T00:02:53.100+09:00  INFO 9668 --- [o-library] [http-nio-1234-exec-1] o.s.web.servlet.DispatcherServlet        : Completed initialization in 1 ms
2024-04-08T00:02:53.510+09:00  INFO 9668 --- [o-library] [http-nio-1234-exec-4] o.springdoc.api.AbstractOpenApiResource  : Init duration for springdoc-openapi is: 223 ms
2024-04-08T00:03:07.742+09:00 ERROR 9668 --- [o-library] [http-nio-1234-exec-5] o.a.l.config.ExceptionResponseHandler    : handle Exception: No property 'TITLE' found for type 'Book'
2024-04-08T00:04:55.747+09:00  INFO 2176 --- [o-library] [main] o.api.library.LibraryApplication         : Starting LibraryApplication using Java 21.0.2 with PID 2176 (C:\Dev\workspace\o-library\build\classes\java\main started by swjang in C:\Dev\workspace\o-library)
2024-04-08T00:04:55.749+09:00  INFO 2176 --- [o-library] [main] o.api.library.LibraryApplication         : The following 1 profile is active: "local"
2024-04-08T00:04:56.282+09:00  INFO 2176 --- [o-library] [main] .s.d.r.c.RepositoryConfigurationDelegate : Bootstrapping Spring Data JPA repositories in DEFAULT mode.
2024-04-08T00:04:56.328+09:00  INFO 2176 --- [o-library] [main] .s.d.r.c.RepositoryConfigurationDelegate : Finished Spring Data repository scanning in 41 ms. Found 3 JPA repository interfaces.
2024-04-08T00:04:56.733+09:00  INFO 2176 --- [o-library] [main] o.s.b.w.embedded.tomcat.TomcatWebServer  : Tomcat initialized with port 1234 (http)
2024-04-08T00:04:56.741+09:00  INFO 2176 --- [o-library] [main] o.apache.catalina.core.StandardService   : Starting service [Tomcat]
2024-04-08T00:04:56.742+09:00  INFO 2176 --- [o-library] [main] o.apache.catalina.core.StandardEngine    : Starting Servlet engine: [Apache Tomcat/10.1.19]
2024-04-08T00:04:56.788+09:00  INFO 2176 --- [o-library] [main] o.a.c.c.C.[Tomcat].[localhost].[/]       : Initializing Spring embedded WebApplicationContext
2024-04-08T00:04:56.789+09:00  INFO 2176 --- [o-library] [main] w.s.c.ServletWebServerApplicationContext : Root WebApplicationContext: initialization completed in 1007 ms
2024-04-08T00:04:56.971+09:00  INFO 2176 --- [o-library] [main] o.hibernate.jpa.internal.util.LogHelper  : HHH000204: Processing PersistenceUnitInfo [name: default]
2024-04-08T00:04:57.022+09:00  INFO 2176 --- [o-library] [main] org.hibernate.Version                    : HHH000412: Hibernate ORM core version 6.4.4.Final
2024-04-08T00:04:57.050+09:00  INFO 2176 --- [o-library] [main] o.h.c.internal.RegionFactoryInitiator    : HHH000026: Second-level cache disabled
2024-04-08T00:04:57.224+09:00  INFO 2176 --- [o-library] [main] o.s.o.j.p.SpringPersistenceUnitInfo      : No LoadTimeWeaver setup: ignoring JPA class transformer
2024-04-08T00:04:57.246+09:00  INFO 2176 --- [o-library] [main] com.zaxxer.hikari.HikariDataSource       : HikariPool-1 - Starting...
2024-04-08T00:04:57.493+09:00  INFO 2176 --- [o-library] [main] com.zaxxer.hikari.pool.HikariPool        : HikariPool-1 - Added connection com.mysql.cj.jdbc.ConnectionImpl@11180750
2024-04-08T00:04:57.495+09:00  INFO 2176 --- [o-library] [main] com.zaxxer.hikari.HikariDataSource       : HikariPool-1 - Start completed.
2024-04-08T00:04:57.529+09:00  WARN 2176 --- [o-library] [main] org.hibernate.orm.deprecation            : HHH90000025: MySQLDialect does not need to be specified explicitly using 'hibernate.dialect' (remove the property setting and it will be selected by default)
2024-04-08T00:04:58.103+09:00  INFO 2176 --- [o-library] [main] o.h.e.t.j.p.i.JtaPlatformInitiator       : HHH000489: No JTA platform available (set 'hibernate.transaction.jta.platform' to enable JTA platform integration)
2024-04-08T00:04:58.130+09:00  INFO 2176 --- [o-library] [main] j.LocalContainerEntityManagerFactoryBean : Initialized JPA EntityManagerFactory for persistence unit 'default'
2024-04-08T00:04:58.522+09:00  WARN 2176 --- [o-library] [main] JpaBaseConfiguration$JpaWebConfiguration : spring.jpa.open-in-view is enabled by default. Therefore, database queries may be performed during view rendering. Explicitly configure spring.jpa.open-in-view to disable this warning
2024-04-08T00:04:59.288+09:00  INFO 2176 --- [o-library] [main] o.s.b.w.embedded.tomcat.TomcatWebServer  : Tomcat started on port 1234 (http) with context path ''
2024-04-08T00:04:59.297+09:00  INFO 2176 --- [o-library] [main] o.api.library.LibraryApplication         : Started LibraryApplication in 3.897 seconds (process running for 4.175)
2024-04-08T00:05:04.288+09:00  INFO 2176 --- [o-library] [http-nio-1234-exec-1] o.a.c.c.C.[Tomcat].[localhost].[/]       : Initializing Spring DispatcherServlet 'dispatcherServlet'
2024-04-08T00:05:04.288+09:00  INFO 2176 --- [o-library] [http-nio-1234-exec-1] o.s.web.servlet.DispatcherServlet        : Initializing Servlet 'dispatcherServlet'
2024-04-08T00:05:04.289+09:00  INFO 2176 --- [o-library] [http-nio-1234-exec-1] o.s.web.servlet.DispatcherServlet        : Completed initialization in 1 ms
2024-04-08T00:05:04.708+09:00  INFO 2176 --- [o-library] [http-nio-1234-exec-4] o.springdoc.api.AbstractOpenApiResource  : Init duration for springdoc-openapi is: 196 ms
2024-04-08T00:05:10.162+09:00 ERROR 2176 --- [o-library] [http-nio-1234-exec-5] o.a.l.config.ExceptionResponseHandler    : handle Exception: No property 'TITLE' found for type 'Book'
2024-04-08T00:07:33.860+09:00  INFO 20640 --- [o-library] [main] o.api.library.LibraryApplication         : Starting LibraryApplication using Java 21.0.2 with PID 20640 (C:\Dev\workspace\o-library\build\classes\java\main started by swjang in C:\Dev\workspace\o-library)
2024-04-08T00:07:33.861+09:00  INFO 20640 --- [o-library] [main] o.api.library.LibraryApplication         : The following 1 profile is active: "local"
2024-04-08T00:07:34.458+09:00  INFO 20640 --- [o-library] [main] .s.d.r.c.RepositoryConfigurationDelegate : Bootstrapping Spring Data JPA repositories in DEFAULT mode.
2024-04-08T00:07:34.513+09:00  INFO 20640 --- [o-library] [main] .s.d.r.c.RepositoryConfigurationDelegate : Finished Spring Data repository scanning in 49 ms. Found 3 JPA repository interfaces.
2024-04-08T00:07:34.943+09:00  INFO 20640 --- [o-library] [main] o.s.b.w.embedded.tomcat.TomcatWebServer  : Tomcat initialized with port 1234 (http)
2024-04-08T00:07:34.953+09:00  INFO 20640 --- [o-library] [main] o.apache.catalina.core.StandardService   : Starting service [Tomcat]
2024-04-08T00:07:34.953+09:00  INFO 20640 --- [o-library] [main] o.apache.catalina.core.StandardEngine    : Starting Servlet engine: [Apache Tomcat/10.1.19]
2024-04-08T00:07:35.001+09:00  INFO 20640 --- [o-library] [main] o.a.c.c.C.[Tomcat].[localhost].[/]       : Initializing Spring embedded WebApplicationContext
2024-04-08T00:07:35.001+09:00  INFO 20640 --- [o-library] [main] w.s.c.ServletWebServerApplicationContext : Root WebApplicationContext: initialization completed in 1108 ms
2024-04-08T00:07:35.152+09:00  INFO 20640 --- [o-library] [main] o.hibernate.jpa.internal.util.LogHelper  : HHH000204: Processing PersistenceUnitInfo [name: default]
2024-04-08T00:07:35.209+09:00  INFO 20640 --- [o-library] [main] org.hibernate.Version                    : HHH000412: Hibernate ORM core version 6.4.4.Final
2024-04-08T00:07:35.239+09:00  INFO 20640 --- [o-library] [main] o.h.c.internal.RegionFactoryInitiator    : HHH000026: Second-level cache disabled
2024-04-08T00:07:35.432+09:00  INFO 20640 --- [o-library] [main] o.s.o.j.p.SpringPersistenceUnitInfo      : No LoadTimeWeaver setup: ignoring JPA class transformer
2024-04-08T00:07:35.463+09:00  INFO 20640 --- [o-library] [main] com.zaxxer.hikari.HikariDataSource       : HikariPool-1 - Starting...
2024-04-08T00:07:35.723+09:00  INFO 20640 --- [o-library] [main] com.zaxxer.hikari.pool.HikariPool        : HikariPool-1 - Added connection com.mysql.cj.jdbc.ConnectionImpl@70b196d3
2024-04-08T00:07:35.725+09:00  INFO 20640 --- [o-library] [main] com.zaxxer.hikari.HikariDataSource       : HikariPool-1 - Start completed.
2024-04-08T00:07:35.767+09:00  WARN 20640 --- [o-library] [main] org.hibernate.orm.deprecation            : HHH90000025: MySQLDialect does not need to be specified explicitly using 'hibernate.dialect' (remove the property setting and it will be selected by default)
2024-04-08T00:07:36.397+09:00  INFO 20640 --- [o-library] [main] o.h.e.t.j.p.i.JtaPlatformInitiator       : HHH000489: No JTA platform available (set 'hibernate.transaction.jta.platform' to enable JTA platform integration)
2024-04-08T00:07:36.425+09:00  INFO 20640 --- [o-library] [main] j.LocalContainerEntityManagerFactoryBean : Initialized JPA EntityManagerFactory for persistence unit 'default'
2024-04-08T00:07:36.850+09:00  WARN 20640 --- [o-library] [main] JpaBaseConfiguration$JpaWebConfiguration : spring.jpa.open-in-view is enabled by default. Therefore, database queries may be performed during view rendering. Explicitly configure spring.jpa.open-in-view to disable this warning
2024-04-08T00:07:37.610+09:00  INFO 20640 --- [o-library] [main] o.s.b.w.embedded.tomcat.TomcatWebServer  : Tomcat started on port 1234 (http) with context path ''
2024-04-08T00:07:37.619+09:00  INFO 20640 --- [o-library] [main] o.api.library.LibraryApplication         : Started LibraryApplication in 4.096 seconds (process running for 4.382)
2024-04-08T00:08:19.804+09:00  INFO 20640 --- [o-library] [http-nio-1234-exec-1] o.a.c.c.C.[Tomcat].[localhost].[/]       : Initializing Spring DispatcherServlet 'dispatcherServlet'
2024-04-08T00:08:19.804+09:00  INFO 20640 --- [o-library] [http-nio-1234-exec-1] o.s.web.servlet.DispatcherServlet        : Initializing Servlet 'dispatcherServlet'
2024-04-08T00:08:19.805+09:00  INFO 20640 --- [o-library] [http-nio-1234-exec-1] o.s.web.servlet.DispatcherServlet        : Completed initialization in 1 ms
2024-04-08T00:08:20.205+09:00  INFO 20640 --- [o-library] [http-nio-1234-exec-4] o.springdoc.api.AbstractOpenApiResource  : Init duration for springdoc-openapi is: 196 ms
2024-04-08T00:08:22.904+09:00 ERROR 20640 --- [o-library] [http-nio-1234-exec-5] o.a.l.config.ExceptionResponseHandler    : handle Exception: No property 'TITLE' found for type 'Book'
2024-04-08T00:10:16.366+09:00  INFO 15804 --- [o-library] [main] o.api.library.LibraryApplication         : Starting LibraryApplication using Java 21.0.2 with PID 15804 (C:\Dev\workspace\o-library\build\classes\java\main started by swjang in C:\Dev\workspace\o-library)
2024-04-08T00:10:16.367+09:00  INFO 15804 --- [o-library] [main] o.api.library.LibraryApplication         : The following 1 profile is active: "local"
2024-04-08T00:10:16.944+09:00  INFO 15804 --- [o-library] [main] .s.d.r.c.RepositoryConfigurationDelegate : Bootstrapping Spring Data JPA repositories in DEFAULT mode.
2024-04-08T00:10:16.991+09:00  INFO 15804 --- [o-library] [main] .s.d.r.c.RepositoryConfigurationDelegate : Finished Spring Data repository scanning in 42 ms. Found 3 JPA repository interfaces.
2024-04-08T00:10:17.399+09:00  INFO 15804 --- [o-library] [main] o.s.b.w.embedded.tomcat.TomcatWebServer  : Tomcat initialized with port 1234 (http)
2024-04-08T00:10:17.408+09:00  INFO 15804 --- [o-library] [main] o.apache.catalina.core.StandardService   : Starting service [Tomcat]
2024-04-08T00:10:17.408+09:00  INFO 15804 --- [o-library] [main] o.apache.catalina.core.StandardEngine    : Starting Servlet engine: [Apache Tomcat/10.1.19]
2024-04-08T00:10:17.455+09:00  INFO 15804 --- [o-library] [main] o.a.c.c.C.[Tomcat].[localhost].[/]       : Initializing Spring embedded WebApplicationContext
2024-04-08T00:10:17.455+09:00  INFO 15804 --- [o-library] [main] w.s.c.ServletWebServerApplicationContext : Root WebApplicationContext: initialization completed in 1054 ms
2024-04-08T00:10:17.600+09:00  INFO 15804 --- [o-library] [main] o.hibernate.jpa.internal.util.LogHelper  : HHH000204: Processing PersistenceUnitInfo [name: default]
2024-04-08T00:10:17.647+09:00  INFO 15804 --- [o-library] [main] org.hibernate.Version                    : HHH000412: Hibernate ORM core version 6.4.4.Final
2024-04-08T00:10:17.673+09:00  INFO 15804 --- [o-library] [main] o.h.c.internal.RegionFactoryInitiator    : HHH000026: Second-level cache disabled
2024-04-08T00:10:17.845+09:00  INFO 15804 --- [o-library] [main] o.s.o.j.p.SpringPersistenceUnitInfo      : No LoadTimeWeaver setup: ignoring JPA class transformer
2024-04-08T00:10:17.867+09:00  INFO 15804 --- [o-library] [main] com.zaxxer.hikari.HikariDataSource       : HikariPool-1 - Starting...
2024-04-08T00:10:18.124+09:00  INFO 15804 --- [o-library] [main] com.zaxxer.hikari.pool.HikariPool        : HikariPool-1 - Added connection com.mysql.cj.jdbc.ConnectionImpl@11180750
2024-04-08T00:10:18.126+09:00  INFO 15804 --- [o-library] [main] com.zaxxer.hikari.HikariDataSource       : HikariPool-1 - Start completed.
2024-04-08T00:10:18.166+09:00  WARN 15804 --- [o-library] [main] org.hibernate.orm.deprecation            : HHH90000025: MySQLDialect does not need to be specified explicitly using 'hibernate.dialect' (remove the property setting and it will be selected by default)
2024-04-08T00:10:18.777+09:00  INFO 15804 --- [o-library] [main] o.h.e.t.j.p.i.JtaPlatformInitiator       : HHH000489: No JTA platform available (set 'hibernate.transaction.jta.platform' to enable JTA platform integration)
2024-04-08T00:10:18.806+09:00  INFO 15804 --- [o-library] [main] j.LocalContainerEntityManagerFactoryBean : Initialized JPA EntityManagerFactory for persistence unit 'default'
2024-04-08T00:10:19.202+09:00  WARN 15804 --- [o-library] [main] JpaBaseConfiguration$JpaWebConfiguration : spring.jpa.open-in-view is enabled by default. Therefore, database queries may be performed during view rendering. Explicitly configure spring.jpa.open-in-view to disable this warning
2024-04-08T00:10:19.933+09:00  INFO 15804 --- [o-library] [main] o.s.b.w.embedded.tomcat.TomcatWebServer  : Tomcat started on port 1234 (http) with context path ''
2024-04-08T00:10:19.941+09:00  INFO 15804 --- [o-library] [main] o.api.library.LibraryApplication         : Started LibraryApplication in 3.945 seconds (process running for 4.224)
2024-04-08T00:10:24.080+09:00  INFO 15804 --- [o-library] [http-nio-1234-exec-2] o.a.c.c.C.[Tomcat].[localhost].[/]       : Initializing Spring DispatcherServlet 'dispatcherServlet'
2024-04-08T00:10:24.081+09:00  INFO 15804 --- [o-library] [http-nio-1234-exec-2] o.s.web.servlet.DispatcherServlet        : Initializing Servlet 'dispatcherServlet'
2024-04-08T00:10:24.082+09:00  INFO 15804 --- [o-library] [http-nio-1234-exec-2] o.s.web.servlet.DispatcherServlet        : Completed initialization in 1 ms
2024-04-08T00:10:24.508+09:00  INFO 15804 --- [o-library] [http-nio-1234-exec-4] o.springdoc.api.AbstractOpenApiResource  : Init duration for springdoc-openapi is: 207 ms
2024-04-08T00:14:40.254+09:00  INFO 16272 --- [o-library] [main] o.api.library.LibraryApplication         : Starting LibraryApplication using Java 21.0.2 with PID 16272 (C:\Dev\workspace\o-library\build\classes\java\main started by swjang in C:\Dev\workspace\o-library)
2024-04-08T00:14:40.256+09:00  INFO 16272 --- [o-library] [main] o.api.library.LibraryApplication         : The following 1 profile is active: "local"
2024-04-08T00:14:40.829+09:00  INFO 16272 --- [o-library] [main] .s.d.r.c.RepositoryConfigurationDelegate : Bootstrapping Spring Data JPA repositories in DEFAULT mode.
2024-04-08T00:14:40.875+09:00  INFO 16272 --- [o-library] [main] .s.d.r.c.RepositoryConfigurationDelegate : Finished Spring Data repository scanning in 42 ms. Found 3 JPA repository interfaces.
2024-04-08T00:14:41.288+09:00  INFO 16272 --- [o-library] [main] o.s.b.w.embedded.tomcat.TomcatWebServer  : Tomcat initialized with port 1234 (http)
2024-04-08T00:14:41.296+09:00  INFO 16272 --- [o-library] [main] o.apache.catalina.core.StandardService   : Starting service [Tomcat]
2024-04-08T00:14:41.297+09:00  INFO 16272 --- [o-library] [main] o.apache.catalina.core.StandardEngine    : Starting Servlet engine: [Apache Tomcat/10.1.19]
2024-04-08T00:14:41.345+09:00  INFO 16272 --- [o-library] [main] o.a.c.c.C.[Tomcat].[localhost].[/]       : Initializing Spring embedded WebApplicationContext
2024-04-08T00:14:41.346+09:00  INFO 16272 --- [o-library] [main] w.s.c.ServletWebServerApplicationContext : Root WebApplicationContext: initialization completed in 1058 ms
2024-04-08T00:14:41.491+09:00  INFO 16272 --- [o-library] [main] o.hibernate.jpa.internal.util.LogHelper  : HHH000204: Processing PersistenceUnitInfo [name: default]
2024-04-08T00:14:41.543+09:00  INFO 16272 --- [o-library] [main] org.hibernate.Version                    : HHH000412: Hibernate ORM core version 6.4.4.Final
2024-04-08T00:14:41.570+09:00  INFO 16272 --- [o-library] [main] o.h.c.internal.RegionFactoryInitiator    : HHH000026: Second-level cache disabled
2024-04-08T00:14:41.746+09:00  INFO 16272 --- [o-library] [main] o.s.o.j.p.SpringPersistenceUnitInfo      : No LoadTimeWeaver setup: ignoring JPA class transformer
2024-04-08T00:14:41.769+09:00  INFO 16272 --- [o-library] [main] com.zaxxer.hikari.HikariDataSource       : HikariPool-1 - Starting...
2024-04-08T00:14:42.024+09:00  INFO 16272 --- [o-library] [main] com.zaxxer.hikari.pool.HikariPool        : HikariPool-1 - Added connection com.mysql.cj.jdbc.ConnectionImpl@58636b50
2024-04-08T00:14:42.026+09:00  INFO 16272 --- [o-library] [main] com.zaxxer.hikari.HikariDataSource       : HikariPool-1 - Start completed.
2024-04-08T00:14:42.069+09:00  WARN 16272 --- [o-library] [main] org.hibernate.orm.deprecation            : HHH90000025: MySQLDialect does not need to be specified explicitly using 'hibernate.dialect' (remove the property setting and it will be selected by default)
2024-04-08T00:14:42.663+09:00  INFO 16272 --- [o-library] [main] o.h.e.t.j.p.i.JtaPlatformInitiator       : HHH000489: No JTA platform available (set 'hibernate.transaction.jta.platform' to enable JTA platform integration)
2024-04-08T00:14:42.693+09:00  INFO 16272 --- [o-library] [main] j.LocalContainerEntityManagerFactoryBean : Initialized JPA EntityManagerFactory for persistence unit 'default'
2024-04-08T00:14:43.084+09:00  WARN 16272 --- [o-library] [main] JpaBaseConfiguration$JpaWebConfiguration : spring.jpa.open-in-view is enabled by default. Therefore, database queries may be performed during view rendering. Explicitly configure spring.jpa.open-in-view to disable this warning
2024-04-08T00:14:43.847+09:00  INFO 16272 --- [o-library] [main] o.s.b.w.embedded.tomcat.TomcatWebServer  : Tomcat started on port 1234 (http) with context path ''
2024-04-08T00:14:43.856+09:00  INFO 16272 --- [o-library] [main] o.api.library.LibraryApplication         : Started LibraryApplication in 3.948 seconds (process running for 4.217)
2024-04-08T00:15:11.638+09:00  INFO 16272 --- [o-library] [http-nio-1234-exec-2] o.a.c.c.C.[Tomcat].[localhost].[/]       : Initializing Spring DispatcherServlet 'dispatcherServlet'
2024-04-08T00:15:11.638+09:00  INFO 16272 --- [o-library] [http-nio-1234-exec-2] o.s.web.servlet.DispatcherServlet        : Initializing Servlet 'dispatcherServlet'
2024-04-08T00:15:11.640+09:00  INFO 16272 --- [o-library] [http-nio-1234-exec-2] o.s.web.servlet.DispatcherServlet        : Completed initialization in 1 ms
2024-04-08T00:15:12.047+09:00  INFO 16272 --- [o-library] [http-nio-1234-exec-4] o.springdoc.api.AbstractOpenApiResource  : Init duration for springdoc-openapi is: 208 ms
2024-04-08T00:24:15.040+09:00  INFO 16240 --- [o-library] [main] o.api.library.LibraryApplication         : Starting LibraryApplication using Java 21.0.2 with PID 16240 (C:\Dev\workspace\o-library\build\classes\java\main started by swjang in C:\Dev\workspace\o-library)
2024-04-08T00:24:15.041+09:00  INFO 16240 --- [o-library] [main] o.api.library.LibraryApplication         : The following 1 profile is active: "local"
2024-04-08T00:24:15.621+09:00  INFO 16240 --- [o-library] [main] .s.d.r.c.RepositoryConfigurationDelegate : Bootstrapping Spring Data JPA repositories in DEFAULT mode.
2024-04-08T00:24:15.671+09:00  INFO 16240 --- [o-library] [main] .s.d.r.c.RepositoryConfigurationDelegate : Finished Spring Data repository scanning in 45 ms. Found 3 JPA repository interfaces.
2024-04-08T00:24:16.103+09:00  INFO 16240 --- [o-library] [main] o.s.b.w.embedded.tomcat.TomcatWebServer  : Tomcat initialized with port 1234 (http)
2024-04-08T00:24:16.113+09:00  INFO 16240 --- [o-library] [main] o.apache.catalina.core.StandardService   : Starting service [Tomcat]
2024-04-08T00:24:16.113+09:00  INFO 16240 --- [o-library] [main] o.apache.catalina.core.StandardEngine    : Starting Servlet engine: [Apache Tomcat/10.1.19]
2024-04-08T00:24:16.162+09:00  INFO 16240 --- [o-library] [main] o.a.c.c.C.[Tomcat].[localhost].[/]       : Initializing Spring embedded WebApplicationContext
2024-04-08T00:24:16.162+09:00  INFO 16240 --- [o-library] [main] w.s.c.ServletWebServerApplicationContext : Root WebApplicationContext: initialization completed in 1086 ms
2024-04-08T00:24:16.319+09:00  INFO 16240 --- [o-library] [main] o.hibernate.jpa.internal.util.LogHelper  : HHH000204: Processing PersistenceUnitInfo [name: default]
2024-04-08T00:24:16.365+09:00  INFO 16240 --- [o-library] [main] org.hibernate.Version                    : HHH000412: Hibernate ORM core version 6.4.4.Final
2024-04-08T00:24:16.393+09:00  INFO 16240 --- [o-library] [main] o.h.c.internal.RegionFactoryInitiator    : HHH000026: Second-level cache disabled
2024-04-08T00:24:16.572+09:00  INFO 16240 --- [o-library] [main] o.s.o.j.p.SpringPersistenceUnitInfo      : No LoadTimeWeaver setup: ignoring JPA class transformer
2024-04-08T00:24:16.607+09:00  INFO 16240 --- [o-library] [main] com.zaxxer.hikari.HikariDataSource       : HikariPool-1 - Starting...
2024-04-08T00:24:16.879+09:00  INFO 16240 --- [o-library] [main] com.zaxxer.hikari.pool.HikariPool        : HikariPool-1 - Added connection com.mysql.cj.jdbc.ConnectionImpl@1ad1b737
2024-04-08T00:24:16.881+09:00  INFO 16240 --- [o-library] [main] com.zaxxer.hikari.HikariDataSource       : HikariPool-1 - Start completed.
2024-04-08T00:24:16.922+09:00  WARN 16240 --- [o-library] [main] org.hibernate.orm.deprecation            : HHH90000025: MySQLDialect does not need to be specified explicitly using 'hibernate.dialect' (remove the property setting and it will be selected by default)
2024-04-08T00:24:17.528+09:00  INFO 16240 --- [o-library] [main] o.h.e.t.j.p.i.JtaPlatformInitiator       : HHH000489: No JTA platform available (set 'hibernate.transaction.jta.platform' to enable JTA platform integration)
2024-04-08T00:24:17.558+09:00  INFO 16240 --- [o-library] [main] j.LocalContainerEntityManagerFactoryBean : Initialized JPA EntityManagerFactory for persistence unit 'default'
2024-04-08T00:24:17.962+09:00  WARN 16240 --- [o-library] [main] JpaBaseConfiguration$JpaWebConfiguration : spring.jpa.open-in-view is enabled by default. Therefore, database queries may be performed during view rendering. Explicitly configure spring.jpa.open-in-view to disable this warning
2024-04-08T00:24:18.686+09:00  INFO 16240 --- [o-library] [main] o.s.b.w.embedded.tomcat.TomcatWebServer  : Tomcat started on port 1234 (http) with context path ''
2024-04-08T00:24:18.694+09:00  INFO 16240 --- [o-library] [main] o.api.library.LibraryApplication         : Started LibraryApplication in 4.02 seconds (process running for 4.298)
2024-04-08T00:24:23.658+09:00  INFO 16240 --- [o-library] [http-nio-1234-exec-1] o.a.c.c.C.[Tomcat].[localhost].[/]       : Initializing Spring DispatcherServlet 'dispatcherServlet'
2024-04-08T00:24:23.658+09:00  INFO 16240 --- [o-library] [http-nio-1234-exec-1] o.s.web.servlet.DispatcherServlet        : Initializing Servlet 'dispatcherServlet'
2024-04-08T00:24:23.659+09:00  INFO 16240 --- [o-library] [http-nio-1234-exec-1] o.s.web.servlet.DispatcherServlet        : Completed initialization in 1 ms
2024-04-08T00:24:24.085+09:00  INFO 16240 --- [o-library] [http-nio-1234-exec-4] o.springdoc.api.AbstractOpenApiResource  : Init duration for springdoc-openapi is: 197 ms
2024-04-08T00:24:50.964+09:00 ERROR 16240 --- [o-library] [http-nio-1234-exec-5] o.a.l.config.ExceptionResponseHandler    : handle Exception: No target Validator set
2024-04-08T00:29:21.572+09:00  INFO 25676 --- [o-library] [main] o.api.library.LibraryApplication         : Starting LibraryApplication using Java 21.0.2 with PID 25676 (C:\Dev\workspace\o-library\build\classes\java\main started by swjang in C:\Dev\workspace\o-library)
2024-04-08T00:29:21.574+09:00  INFO 25676 --- [o-library] [main] o.api.library.LibraryApplication         : The following 1 profile is active: "local"
2024-04-08T00:29:22.170+09:00  INFO 25676 --- [o-library] [main] .s.d.r.c.RepositoryConfigurationDelegate : Bootstrapping Spring Data JPA repositories in DEFAULT mode.
2024-04-08T00:29:22.223+09:00  INFO 25676 --- [o-library] [main] .s.d.r.c.RepositoryConfigurationDelegate : Finished Spring Data repository scanning in 47 ms. Found 3 JPA repository interfaces.
2024-04-08T00:29:22.676+09:00  INFO 25676 --- [o-library] [main] o.s.b.w.embedded.tomcat.TomcatWebServer  : Tomcat initialized with port 1234 (http)
2024-04-08T00:29:22.687+09:00  INFO 25676 --- [o-library] [main] o.apache.catalina.core.StandardService   : Starting service [Tomcat]
2024-04-08T00:29:22.688+09:00  INFO 25676 --- [o-library] [main] o.apache.catalina.core.StandardEngine    : Starting Servlet engine: [Apache Tomcat/10.1.19]
2024-04-08T00:29:22.742+09:00  INFO 25676 --- [o-library] [main] o.a.c.c.C.[Tomcat].[localhost].[/]       : Initializing Spring embedded WebApplicationContext
2024-04-08T00:29:22.742+09:00  INFO 25676 --- [o-library] [main] w.s.c.ServletWebServerApplicationContext : Root WebApplicationContext: initialization completed in 1135 ms
2024-04-08T00:29:22.930+09:00  INFO 25676 --- [o-library] [main] o.hibernate.jpa.internal.util.LogHelper  : HHH000204: Processing PersistenceUnitInfo [name: default]
2024-04-08T00:29:22.984+09:00  INFO 25676 --- [o-library] [main] org.hibernate.Version                    : HHH000412: Hibernate ORM core version 6.4.4.Final
2024-04-08T00:29:23.016+09:00  INFO 25676 --- [o-library] [main] o.h.c.internal.RegionFactoryInitiator    : HHH000026: Second-level cache disabled
2024-04-08T00:29:23.196+09:00  INFO 25676 --- [o-library] [main] o.s.o.j.p.SpringPersistenceUnitInfo      : No LoadTimeWeaver setup: ignoring JPA class transformer
2024-04-08T00:29:23.221+09:00  INFO 25676 --- [o-library] [main] com.zaxxer.hikari.HikariDataSource       : HikariPool-1 - Starting...
2024-04-08T00:29:23.467+09:00  INFO 25676 --- [o-library] [main] com.zaxxer.hikari.pool.HikariPool        : HikariPool-1 - Added connection com.mysql.cj.jdbc.ConnectionImpl@11180750
2024-04-08T00:29:23.469+09:00  INFO 25676 --- [o-library] [main] com.zaxxer.hikari.HikariDataSource       : HikariPool-1 - Start completed.
2024-04-08T00:29:23.511+09:00  WARN 25676 --- [o-library] [main] org.hibernate.orm.deprecation            : HHH90000025: MySQLDialect does not need to be specified explicitly using 'hibernate.dialect' (remove the property setting and it will be selected by default)
2024-04-08T00:29:24.085+09:00  INFO 25676 --- [o-library] [main] o.h.e.t.j.p.i.JtaPlatformInitiator       : HHH000489: No JTA platform available (set 'hibernate.transaction.jta.platform' to enable JTA platform integration)
2024-04-08T00:29:24.113+09:00  INFO 25676 --- [o-library] [main] j.LocalContainerEntityManagerFactoryBean : Initialized JPA EntityManagerFactory for persistence unit 'default'
2024-04-08T00:29:24.515+09:00  WARN 25676 --- [o-library] [main] JpaBaseConfiguration$JpaWebConfiguration : spring.jpa.open-in-view is enabled by default. Therefore, database queries may be performed during view rendering. Explicitly configure spring.jpa.open-in-view to disable this warning
2024-04-08T00:29:25.239+09:00  INFO 25676 --- [o-library] [main] o.s.b.w.embedded.tomcat.TomcatWebServer  : Tomcat started on port 1234 (http) with context path ''
2024-04-08T00:29:25.246+09:00  INFO 25676 --- [o-library] [main] o.api.library.LibraryApplication         : Started LibraryApplication in 4.015 seconds (process running for 4.271)
2024-04-08T00:29:31.601+09:00  INFO 25676 --- [o-library] [http-nio-1234-exec-1] o.a.c.c.C.[Tomcat].[localhost].[/]       : Initializing Spring DispatcherServlet 'dispatcherServlet'
2024-04-08T00:29:31.601+09:00  INFO 25676 --- [o-library] [http-nio-1234-exec-1] o.s.web.servlet.DispatcherServlet        : Initializing Servlet 'dispatcherServlet'
2024-04-08T00:29:31.602+09:00  INFO 25676 --- [o-library] [http-nio-1234-exec-1] o.s.web.servlet.DispatcherServlet        : Completed initialization in 1 ms
2024-04-08T00:29:32.012+09:00  INFO 25676 --- [o-library] [http-nio-1234-exec-4] o.springdoc.api.AbstractOpenApiResource  : Init duration for springdoc-openapi is: 210 ms
2024-04-08T00:29:35.074+09:00 ERROR 25676 --- [o-library] [http-nio-1234-exec-5] o.a.l.config.ExceptionResponseHandler    : handle Exception: No target Validator set
2024-04-08T00:29:40.659+09:00 ERROR 25676 --- [o-library] [http-nio-1234-exec-6] o.a.l.config.ExceptionResponseHandler    : handle Exception: No target Validator set
2024-04-08T00:30:08.690+09:00  INFO 20636 --- [o-library] [main] o.api.library.LibraryApplication         : Starting LibraryApplication using Java 21.0.2 with PID 20636 (C:\Dev\workspace\o-library\build\classes\java\main started by swjang in C:\Dev\workspace\o-library)
2024-04-08T00:30:08.692+09:00  INFO 20636 --- [o-library] [main] o.api.library.LibraryApplication         : The following 1 profile is active: "local"
2024-04-08T00:30:09.282+09:00  INFO 20636 --- [o-library] [main] .s.d.r.c.RepositoryConfigurationDelegate : Bootstrapping Spring Data JPA repositories in DEFAULT mode.
2024-04-08T00:30:09.334+09:00  INFO 20636 --- [o-library] [main] .s.d.r.c.RepositoryConfigurationDelegate : Finished Spring Data repository scanning in 47 ms. Found 3 JPA repository interfaces.
2024-04-08T00:30:09.793+09:00  INFO 20636 --- [o-library] [main] o.s.b.w.embedded.tomcat.TomcatWebServer  : Tomcat initialized with port 1234 (http)
2024-04-08T00:30:09.804+09:00  INFO 20636 --- [o-library] [main] o.apache.catalina.core.StandardService   : Starting service [Tomcat]
2024-04-08T00:30:09.805+09:00  INFO 20636 --- [o-library] [main] o.apache.catalina.core.StandardEngine    : Starting Servlet engine: [Apache Tomcat/10.1.19]
2024-04-08T00:30:09.865+09:00  INFO 20636 --- [o-library] [main] o.a.c.c.C.[Tomcat].[localhost].[/]       : Initializing Spring embedded WebApplicationContext
2024-04-08T00:30:09.866+09:00  INFO 20636 --- [o-library] [main] w.s.c.ServletWebServerApplicationContext : Root WebApplicationContext: initialization completed in 1140 ms
2024-04-08T00:30:10.037+09:00  INFO 20636 --- [o-library] [main] o.hibernate.jpa.internal.util.LogHelper  : HHH000204: Processing PersistenceUnitInfo [name: default]
2024-04-08T00:30:10.081+09:00  INFO 20636 --- [o-library] [main] org.hibernate.Version                    : HHH000412: Hibernate ORM core version 6.4.4.Final
2024-04-08T00:30:10.106+09:00  INFO 20636 --- [o-library] [main] o.h.c.internal.RegionFactoryInitiator    : HHH000026: Second-level cache disabled
2024-04-08T00:30:10.294+09:00  INFO 20636 --- [o-library] [main] o.s.o.j.p.SpringPersistenceUnitInfo      : No LoadTimeWeaver setup: ignoring JPA class transformer
2024-04-08T00:30:10.325+09:00  INFO 20636 --- [o-library] [main] com.zaxxer.hikari.HikariDataSource       : HikariPool-1 - Starting...
2024-04-08T00:30:10.582+09:00  INFO 20636 --- [o-library] [main] com.zaxxer.hikari.pool.HikariPool        : HikariPool-1 - Added connection com.mysql.cj.jdbc.ConnectionImpl@58636b50
2024-04-08T00:30:10.584+09:00  INFO 20636 --- [o-library] [main] com.zaxxer.hikari.HikariDataSource       : HikariPool-1 - Start completed.
2024-04-08T00:30:10.623+09:00  WARN 20636 --- [o-library] [main] org.hibernate.orm.deprecation            : HHH90000025: MySQLDialect does not need to be specified explicitly using 'hibernate.dialect' (remove the property setting and it will be selected by default)
2024-04-08T00:30:11.223+09:00  INFO 20636 --- [o-library] [main] o.h.e.t.j.p.i.JtaPlatformInitiator       : HHH000489: No JTA platform available (set 'hibernate.transaction.jta.platform' to enable JTA platform integration)
2024-04-08T00:30:11.251+09:00  INFO 20636 --- [o-library] [main] j.LocalContainerEntityManagerFactoryBean : Initialized JPA EntityManagerFactory for persistence unit 'default'
2024-04-08T00:30:11.677+09:00  WARN 20636 --- [o-library] [main] JpaBaseConfiguration$JpaWebConfiguration : spring.jpa.open-in-view is enabled by default. Therefore, database queries may be performed during view rendering. Explicitly configure spring.jpa.open-in-view to disable this warning
2024-04-08T00:30:12.416+09:00  INFO 20636 --- [o-library] [main] o.s.b.w.embedded.tomcat.TomcatWebServer  : Tomcat started on port 1234 (http) with context path ''
2024-04-08T00:30:12.424+09:00  INFO 20636 --- [o-library] [main] o.api.library.LibraryApplication         : Started LibraryApplication in 4.095 seconds (process running for 4.368)
2024-04-08T00:30:14.629+09:00  INFO 20636 --- [o-library] [http-nio-1234-exec-1] o.a.c.c.C.[Tomcat].[localhost].[/]       : Initializing Spring DispatcherServlet 'dispatcherServlet'
2024-04-08T00:30:14.629+09:00  INFO 20636 --- [o-library] [http-nio-1234-exec-1] o.s.web.servlet.DispatcherServlet        : Initializing Servlet 'dispatcherServlet'
2024-04-08T00:30:14.630+09:00  INFO 20636 --- [o-library] [http-nio-1234-exec-1] o.s.web.servlet.DispatcherServlet        : Completed initialization in 1 ms
2024-04-08T00:30:15.059+09:00  INFO 20636 --- [o-library] [http-nio-1234-exec-4] o.springdoc.api.AbstractOpenApiResource  : Init duration for springdoc-openapi is: 206 ms
2024-04-08T00:30:25.383+09:00 ERROR 20636 --- [o-library] [http-nio-1234-exec-5] o.a.l.config.ExceptionResponseHandler    : handle Exception: No target Validator set
2024-04-08T00:32:52.483+09:00  INFO 3440 --- [o-library] [main] o.api.library.LibraryApplication         : Starting LibraryApplication using Java 21.0.2 with PID 3440 (C:\Dev\workspace\o-library\build\classes\java\main started by swjang in C:\Dev\workspace\o-library)
2024-04-08T00:32:52.485+09:00  INFO 3440 --- [o-library] [main] o.api.library.LibraryApplication         : The following 1 profile is active: "local"
2024-04-08T00:32:53.057+09:00  INFO 3440 --- [o-library] [main] .s.d.r.c.RepositoryConfigurationDelegate : Bootstrapping Spring Data JPA repositories in DEFAULT mode.
2024-04-08T00:32:53.105+09:00  INFO 3440 --- [o-library] [main] .s.d.r.c.RepositoryConfigurationDelegate : Finished Spring Data repository scanning in 42 ms. Found 3 JPA repository interfaces.
2024-04-08T00:32:53.545+09:00  INFO 3440 --- [o-library] [main] o.s.b.w.embedded.tomcat.TomcatWebServer  : Tomcat initialized with port 1234 (http)
2024-04-08T00:32:53.555+09:00  INFO 3440 --- [o-library] [main] o.apache.catalina.core.StandardService   : Starting service [Tomcat]
2024-04-08T00:32:53.556+09:00  INFO 3440 --- [o-library] [main] o.apache.catalina.core.StandardEngine    : Starting Servlet engine: [Apache Tomcat/10.1.19]
2024-04-08T00:32:53.608+09:00  INFO 3440 --- [o-library] [main] o.a.c.c.C.[Tomcat].[localhost].[/]       : Initializing Spring embedded WebApplicationContext
2024-04-08T00:32:53.609+09:00  INFO 3440 --- [o-library] [main] w.s.c.ServletWebServerApplicationContext : Root WebApplicationContext: initialization completed in 1093 ms
2024-04-08T00:32:53.766+09:00  INFO 3440 --- [o-library] [main] o.hibernate.jpa.internal.util.LogHelper  : HHH000204: Processing PersistenceUnitInfo [name: default]
2024-04-08T00:32:53.809+09:00  INFO 3440 --- [o-library] [main] org.hibernate.Version                    : HHH000412: Hibernate ORM core version 6.4.4.Final
2024-04-08T00:32:53.834+09:00  INFO 3440 --- [o-library] [main] o.h.c.internal.RegionFactoryInitiator    : HHH000026: Second-level cache disabled
2024-04-08T00:32:54.012+09:00  INFO 3440 --- [o-library] [main] o.s.o.j.p.SpringPersistenceUnitInfo      : No LoadTimeWeaver setup: ignoring JPA class transformer
2024-04-08T00:32:54.038+09:00  INFO 3440 --- [o-library] [main] com.zaxxer.hikari.HikariDataSource       : HikariPool-1 - Starting...
2024-04-08T00:32:54.292+09:00  INFO 3440 --- [o-library] [main] com.zaxxer.hikari.pool.HikariPool        : HikariPool-1 - Added connection com.mysql.cj.jdbc.ConnectionImpl@44de8e00
2024-04-08T00:32:54.294+09:00  INFO 3440 --- [o-library] [main] com.zaxxer.hikari.HikariDataSource       : HikariPool-1 - Start completed.
2024-04-08T00:32:54.331+09:00  WARN 3440 --- [o-library] [main] org.hibernate.orm.deprecation            : HHH90000025: MySQLDialect does not need to be specified explicitly using 'hibernate.dialect' (remove the property setting and it will be selected by default)
2024-04-08T00:32:54.930+09:00  INFO 3440 --- [o-library] [main] o.h.e.t.j.p.i.JtaPlatformInitiator       : HHH000489: No JTA platform available (set 'hibernate.transaction.jta.platform' to enable JTA platform integration)
2024-04-08T00:32:54.957+09:00  INFO 3440 --- [o-library] [main] j.LocalContainerEntityManagerFactoryBean : Initialized JPA EntityManagerFactory for persistence unit 'default'
2024-04-08T00:32:55.369+09:00  WARN 3440 --- [o-library] [main] JpaBaseConfiguration$JpaWebConfiguration : spring.jpa.open-in-view is enabled by default. Therefore, database queries may be performed during view rendering. Explicitly configure spring.jpa.open-in-view to disable this warning
2024-04-08T00:32:56.199+09:00  INFO 3440 --- [o-library] [main] o.s.b.w.embedded.tomcat.TomcatWebServer  : Tomcat started on port 1234 (http) with context path ''
2024-04-08T00:32:56.208+09:00  INFO 3440 --- [o-library] [main] o.api.library.LibraryApplication         : Started LibraryApplication in 4.058 seconds (process running for 4.318)
2024-04-08T00:32:58.624+09:00  INFO 3440 --- [o-library] [http-nio-1234-exec-1] o.a.c.c.C.[Tomcat].[localhost].[/]       : Initializing Spring DispatcherServlet 'dispatcherServlet'
2024-04-08T00:32:58.624+09:00  INFO 3440 --- [o-library] [http-nio-1234-exec-1] o.s.web.servlet.DispatcherServlet        : Initializing Servlet 'dispatcherServlet'
2024-04-08T00:32:58.625+09:00  INFO 3440 --- [o-library] [http-nio-1234-exec-1] o.s.web.servlet.DispatcherServlet        : Completed initialization in 1 ms
2024-04-08T00:32:58.996+09:00  INFO 3440 --- [o-library] [http-nio-1234-exec-4] o.springdoc.api.AbstractOpenApiResource  : Init duration for springdoc-openapi is: 198 ms
